#
# There is insufficient memory for the Java Runtime Environment to continue.
# Native memory allocation (malloc) failed to allocate 32744 bytes for Chunk::new
# Possible reasons:
#   The system is out of physical RAM or swap space
#   The process is running with CompressedOops enabled, and the Java Heap may be blocking the growth of the native heap
# Possible solutions:
#   Reduce memory load on the system
#   Increase physical memory or swap space
#   Check if swap backing store is full
#   Decrease Java heap size (-Xmx/-Xms)
#   Decrease number of Java threads
#   Decrease Java thread stack sizes (-Xss)
#   Set larger code cache with -XX:ReservedCodeCacheSize=
#   JVM is running with Zero Based Compressed Oops mode in which the Java heap is
#     placed in the first 32GB address space. The Java Heap base address is the
#     maximum limit for the native heap growth. Please use -XX:HeapBaseMinAddress
#     to set the Java Heap base and to place the Java Heap above 32GB virtual address.
# This output file may be truncated or incomplete.
#
#  Out of Memory Error (arena.cpp:184), pid=60812, tid=62160
#
# JRE version: Java(TM) SE Runtime Environment (19.0.2+7) (build 19.0.2+7-44)
# Java VM: Java HotSpot(TM) 64-Bit Server VM (19.0.2+7-44, mixed mode, sharing, tiered, compressed oops, compressed class ptrs, g1 gc, windows-amd64)
# No core dump will be written. Minidumps are not enabled by default on client versions of Windows
#

---------------  S U M M A R Y ------------

Command Line: -Dfile.encoding=UTF-8 User.login

Host: AMD Ryzen 9 5900HS with Radeon Graphics        , 16 cores, 31G,  Windows 11 , 64 bit Build 22621 (10.0.22621.4830)
Time: Tue Feb 11 09:44:05 2025 Malay Peninsula Standard Time elapsed time: 40.474420 seconds (0d 0h 0m 40s)

---------------  T H R E A D  ---------------

Current thread (0x00000242c0e45cd0):  JavaThread "C2 CompilerThread0" daemon [_thread_in_native, id=62160, stack(0x0000006b8dc00000,0x0000006b8dd00000)]


Current CompileTask:
C2:  40474 3746       4       sun.java2d.SunGraphics2D::<init> (154 bytes)

Stack: [0x0000006b8dc00000,0x0000006b8dd00000]
Native frames: (J=compiled Java code, j=interpreted, Vv=VM code, C=native code)
V  [jvm.dll+0x6ee21a]
V  [jvm.dll+0x85765e]
V  [jvm.dll+0x85904e]
V  [jvm.dll+0x859703]
V  [jvm.dll+0x28298f]
V  [jvm.dll+0xc9adf]
V  [jvm.dll+0xc9e65]
V  [jvm.dll+0x3c1bc5]
V  [jvm.dll+0x3bca7e]
V  [jvm.dll+0x3860e1]
V  [jvm.dll+0x38555a]
V  [jvm.dll+0x24c3d9]
V  [jvm.dll+0x24b781]
V  [jvm.dll+0x1d6ce1]
V  [jvm.dll+0x25b25a]
V  [jvm.dll+0x2596e8]
V  [jvm.dll+0x807588]
V  [jvm.dll+0x80125a]
V  [jvm.dll+0x6ecf0b]
C  [ucrtbase.dll+0x29333]
C  [KERNEL32.DLL+0x1259d]
C  [ntdll.dll+0x5af38]


---------------  P R O C E S S  ---------------

Threads class SMR info:
_java_thread_list=0x00000242d96d6920, length=19, elements={
0x00000242c0e2af10, 0x00000242c0e2bd00, 0x00000242c0e32da0, 0x00000242c0e348e0,
0x00000242c0e37220, 0x00000242c0e37b50, 0x00000242c0e45cd0, 0x00000242c3ce1fa0,
0x00000242c0e59a30, 0x00000242c3df7a00, 0x00000242c3df8e20, 0x00000242c3f9cbd0,
0x00000242c3fe0aa0, 0x00000242c3fe1290, 0x00000242c84c7680, 0x00000242969cfeb0,
0x00000242c8ac4ad0, 0x00000242c8b27510, 0x00000242d0e5ebf0
}

Java Threads: ( => current thread )
  0x00000242c0e2af10 JavaThread "Reference Handler" daemon [_thread_blocked, id=35588, stack(0x0000006b8d600000,0x0000006b8d700000)]
  0x00000242c0e2bd00 JavaThread "Finalizer" daemon [_thread_blocked, id=31296, stack(0x0000006b8d700000,0x0000006b8d800000)]
  0x00000242c0e32da0 JavaThread "Signal Dispatcher" daemon [_thread_blocked, id=46724, stack(0x0000006b8d800000,0x0000006b8d900000)]
  0x00000242c0e348e0 JavaThread "Attach Listener" daemon [_thread_blocked, id=61956, stack(0x0000006b8d900000,0x0000006b8da00000)]
  0x00000242c0e37220 JavaThread "Service Thread" daemon [_thread_blocked, id=13552, stack(0x0000006b8da00000,0x0000006b8db00000)]
  0x00000242c0e37b50 JavaThread "Monitor Deflation Thread" daemon [_thread_blocked, id=2696, stack(0x0000006b8db00000,0x0000006b8dc00000)]
=>0x00000242c0e45cd0 JavaThread "C2 CompilerThread0" daemon [_thread_in_native, id=62160, stack(0x0000006b8dc00000,0x0000006b8dd00000)]
  0x00000242c3ce1fa0 JavaThread "C1 CompilerThread0" daemon [_thread_blocked, id=7340, stack(0x0000006b8dd00000,0x0000006b8de00000)]
  0x00000242c0e59a30 JavaThread "Sweeper thread" daemon [_thread_blocked, id=58072, stack(0x0000006b8de00000,0x0000006b8df00000)]
  0x00000242c3df7a00 JavaThread "Notification Thread" daemon [_thread_blocked, id=20112, stack(0x0000006b8e100000,0x0000006b8e200000)]
  0x00000242c3df8e20 JavaThread "Common-Cleaner" daemon [_thread_blocked, id=58844, stack(0x0000006b8e300000,0x0000006b8e400000)]
  0x00000242c3f9cbd0 JavaThread "Java2D Disposer" daemon [_thread_blocked, id=60312, stack(0x0000006b8e400000,0x0000006b8e500000)]
  0x00000242c3fe0aa0 JavaThread "AWT-Shutdown" [_thread_blocked, id=57896, stack(0x0000006b8e500000,0x0000006b8e600000)]
  0x00000242c3fe1290 JavaThread "AWT-Windows" daemon [_thread_in_native, id=63540, stack(0x0000006b8e600000,0x0000006b8e700000)]
  0x00000242c84c7680 JavaThread "AWT-EventQueue-0" [_thread_in_native, id=3524, stack(0x0000006b8e700000,0x0000006b8e800000)]
  0x00000242969cfeb0 JavaThread "DestroyJavaVM" [_thread_blocked, id=64900, stack(0x0000006b8cf00000,0x0000006b8d000000)]
  0x00000242c8ac4ad0 JavaThread "D3D Screen Updater" daemon [_thread_blocked, id=65420, stack(0x0000006b8f800000,0x0000006b8f900000)]
  0x00000242c8b27510 JavaThread "TimerQueue" daemon [_thread_blocked, id=65588, stack(0x0000006b8f900000,0x0000006b8fa00000)]
  0x00000242d0e5ebf0 JavaThread "C2 CompilerThread1" daemon [_thread_in_native, id=59824, stack(0x0000006b8df00000,0x0000006b8e000000)]

Other Threads:
  0x00000242c0e145b0 VMThread "VM Thread" [stack: 0x0000006b8d500000,0x0000006b8d600000] [id=54392]
  0x00000242c3df8760 WatcherThread "VM Periodic Task Thread" [stack: 0x0000006b8e200000,0x0000006b8e300000] [id=62296]
  0x0000024296a83260 WorkerThread "GC Thread#0" [stack: 0x0000006b8d000000,0x0000006b8d100000] [id=53040]
  0x00000242c87acc80 WorkerThread "GC Thread#1" [stack: 0x0000006b8fb00000,0x0000006b8fc00000] [id=58900]
  0x00000242c87abba0 WorkerThread "GC Thread#2" [stack: 0x0000006b8fc00000,0x0000006b8fd00000] [id=63600]
  0x00000242c87ac410 WorkerThread "GC Thread#3" [stack: 0x0000006b8fd00000,0x0000006b8fe00000] [id=44500]
  0x00000242c87acf50 WorkerThread "GC Thread#4" [stack: 0x0000006b8fe00000,0x0000006b8ff00000] [id=66144]
  0x00000242c87ad4f0 WorkerThread "GC Thread#5" [stack: 0x0000006b8ff00000,0x0000006b90000000] [id=61500]
  0x00000242c87ad220 WorkerThread "GC Thread#6" [stack: 0x0000006b90000000,0x0000006b90100000] [id=54840]
  0x00000242c87ad7c0 WorkerThread "GC Thread#7" [stack: 0x0000006b90100000,0x0000006b90200000] [id=66264]
  0x00000242d0908860 WorkerThread "GC Thread#8" [stack: 0x0000006b90200000,0x0000006b90300000] [id=61868]
  0x00000242d0908e00 WorkerThread "GC Thread#9" [stack: 0x0000006b90300000,0x0000006b90400000] [id=65528]
  0x00000242d0908b30 WorkerThread "GC Thread#10" [stack: 0x0000006b90400000,0x0000006b90500000] [id=39696]
  0x00000242d0909940 WorkerThread "GC Thread#11" [stack: 0x0000006b90500000,0x0000006b90600000] [id=64160]
  0x00000242d0907ff0 WorkerThread "GC Thread#12" [stack: 0x0000006b8f400000,0x0000006b8f500000] [id=63160]
  0x0000024296a8c0f0 ConcurrentGCThread "G1 Main Marker" [stack: 0x0000006b8d100000,0x0000006b8d200000] [id=58248]
  0x0000024296a8e2d0 WorkerThread "G1 Conc#0" [stack: 0x0000006b8d200000,0x0000006b8d300000] [id=62140]
  0x00000242c0d52850 ConcurrentGCThread "G1 Refine#0" [stack: 0x0000006b8d300000,0x0000006b8d400000] [id=19072]
  0x00000242c0d53390 ConcurrentGCThread "G1 Service" [stack: 0x0000006b8d400000,0x0000006b8d500000] [id=54764]

Threads with active compile tasks:
C2 CompilerThread0    40496 3746       4       sun.java2d.SunGraphics2D::<init> (154 bytes)
C2 CompilerThread1    40496 3747       4       sun.java2d.SunGraphics2D::setDevClip (21 bytes)

VM state: not at safepoint (normal execution)

VM Mutex/Monitor currently owned by a thread: None

Heap address: 0x0000000609400000, size: 8044 MB, Compressed Oops mode: Zero based, Oop shift amount: 3

CDS archive(s) mapped at: [0x0000000800000000-0x0000000800c40000-0x0000000800c40000), size 12845056, SharedBaseAddress: 0x0000000800000000, ArchiveRelocationMode: 0.
Compressed class space mapped at: 0x0000000801000000-0x0000000841000000, reserved size: 1073741824
Narrow klass base: 0x0000000800000000, Narrow klass shift: 0, Narrow klass range: 0x100000000

GC Precious Log:
 CardTable entry size: 512
 Card Set container configuration: InlinePtr #cards 4 size 8 Array Of Cards #cards 32 size 80 Howl #buckets 8 coarsen threshold 7372 Howl Bitmap #cards 1024 size 144 coarsen threshold 921 Card regions per heap region 1 cards per card region 8192
 CPUs: 16 total, 16 available
 Memory: 32160M
 Large Page Support: Disabled
 NUMA Support: Disabled
 Compressed Oops: Enabled (Zero based)
 Heap Region Size: 4M
 Heap Min Capacity: 8M
 Heap Initial Capacity: 504M
 Heap Max Capacity: 8044M
 Pre-touch: Disabled
 Parallel Workers: 13
 Concurrent Workers: 3
 Concurrent Refinement Workers: 13
 Periodic GC: Disabled

Heap:
 garbage-first heap   total 516096K, used 46587K [0x0000000609400000, 0x0000000800000000)
  region size 4096K, 11 young (45056K), 1 survivors (4096K)
 Metaspace       used 16103K, committed 16448K, reserved 1114112K
  class space    used 1636K, committed 1792K, reserved 1048576K

Heap Regions: E=young(eden), S=young(survivor), O=old, HS=humongous(starts), HC=humongous(continues), CS=collection set, F=free, OA=open archive, CA=closed archive, TAMS=top-at-mark-start (previous, next)
|   0|0x0000000609400000, 0x0000000609800000, 0x0000000609800000|100%| O|  |TAMS 0x0000000609400000, 0x0000000609400000| Untracked 
|   1|0x0000000609800000, 0x0000000609c00000, 0x0000000609c00000|100%| O|  |TAMS 0x0000000609800000, 0x0000000609800000| Untracked 
|   2|0x0000000609c00000, 0x0000000609c6b000, 0x000000060a000000| 10%| O|  |TAMS 0x0000000609c00000, 0x0000000609c00000| Untracked 
|   3|0x000000060a000000, 0x000000060a000000, 0x000000060a400000|  0%| F|  |TAMS 0x000000060a000000, 0x000000060a000000| Untracked 
|   4|0x000000060a400000, 0x000000060a400000, 0x000000060a800000|  0%| F|  |TAMS 0x000000060a400000, 0x000000060a400000| Untracked 
|   5|0x000000060a800000, 0x000000060a800000, 0x000000060ac00000|  0%| F|  |TAMS 0x000000060a800000, 0x000000060a800000| Untracked 
|   6|0x000000060ac00000, 0x000000060ac00000, 0x000000060b000000|  0%| F|  |TAMS 0x000000060ac00000, 0x000000060ac00000| Untracked 
|   7|0x000000060b000000, 0x000000060b000000, 0x000000060b400000|  0%| F|  |TAMS 0x000000060b000000, 0x000000060b000000| Untracked 
|   8|0x000000060b400000, 0x000000060b400000, 0x000000060b800000|  0%| F|  |TAMS 0x000000060b400000, 0x000000060b400000| Untracked 
|   9|0x000000060b800000, 0x000000060b800000, 0x000000060bc00000|  0%| F|  |TAMS 0x000000060b800000, 0x000000060b800000| Untracked 
|  10|0x000000060bc00000, 0x000000060bc00000, 0x000000060c000000|  0%| F|  |TAMS 0x000000060bc00000, 0x000000060bc00000| Untracked 
|  11|0x000000060c000000, 0x000000060c000000, 0x000000060c400000|  0%| F|  |TAMS 0x000000060c000000, 0x000000060c000000| Untracked 
|  12|0x000000060c400000, 0x000000060c400000, 0x000000060c800000|  0%| F|  |TAMS 0x000000060c400000, 0x000000060c400000| Untracked 
|  13|0x000000060c800000, 0x000000060c800000, 0x000000060cc00000|  0%| F|  |TAMS 0x000000060c800000, 0x000000060c800000| Untracked 
|  14|0x000000060cc00000, 0x000000060cc00000, 0x000000060d000000|  0%| F|  |TAMS 0x000000060cc00000, 0x000000060cc00000| Untracked 
|  15|0x000000060d000000, 0x000000060d000000, 0x000000060d400000|  0%| F|  |TAMS 0x000000060d000000, 0x000000060d000000| Untracked 
|  16|0x000000060d400000, 0x000000060d400000, 0x000000060d800000|  0%| F|  |TAMS 0x000000060d400000, 0x000000060d400000| Untracked 
|  17|0x000000060d800000, 0x000000060d800000, 0x000000060dc00000|  0%| F|  |TAMS 0x000000060d800000, 0x000000060d800000| Untracked 
|  18|0x000000060dc00000, 0x000000060dc00000, 0x000000060e000000|  0%| F|  |TAMS 0x000000060dc00000, 0x000000060dc00000| Untracked 
|  19|0x000000060e000000, 0x000000060e000000, 0x000000060e400000|  0%| F|  |TAMS 0x000000060e000000, 0x000000060e000000| Untracked 
|  20|0x000000060e400000, 0x000000060e400000, 0x000000060e800000|  0%| F|  |TAMS 0x000000060e400000, 0x000000060e400000| Untracked 
|  21|0x000000060e800000, 0x000000060e800000, 0x000000060ec00000|  0%| F|  |TAMS 0x000000060e800000, 0x000000060e800000| Untracked 
|  22|0x000000060ec00000, 0x000000060ec00000, 0x000000060f000000|  0%| F|  |TAMS 0x000000060ec00000, 0x000000060ec00000| Untracked 
|  23|0x000000060f000000, 0x000000060f000000, 0x000000060f400000|  0%| F|  |TAMS 0x000000060f000000, 0x000000060f000000| Untracked 
|  24|0x000000060f400000, 0x000000060f400000, 0x000000060f800000|  0%| F|  |TAMS 0x000000060f400000, 0x000000060f400000| Untracked 
|  25|0x000000060f800000, 0x000000060f800000, 0x000000060fc00000|  0%| F|  |TAMS 0x000000060f800000, 0x000000060f800000| Untracked 
|  26|0x000000060fc00000, 0x000000060fc00000, 0x0000000610000000|  0%| F|  |TAMS 0x000000060fc00000, 0x000000060fc00000| Untracked 
|  27|0x0000000610000000, 0x0000000610000000, 0x0000000610400000|  0%| F|  |TAMS 0x0000000610000000, 0x0000000610000000| Untracked 
|  28|0x0000000610400000, 0x0000000610400000, 0x0000000610800000|  0%| F|  |TAMS 0x0000000610400000, 0x0000000610400000| Untracked 
|  29|0x0000000610800000, 0x0000000610800000, 0x0000000610c00000|  0%| F|  |TAMS 0x0000000610800000, 0x0000000610800000| Untracked 
|  30|0x0000000610c00000, 0x0000000610c00000, 0x0000000611000000|  0%| F|  |TAMS 0x0000000610c00000, 0x0000000610c00000| Untracked 
|  31|0x0000000611000000, 0x0000000611000000, 0x0000000611400000|  0%| F|  |TAMS 0x0000000611000000, 0x0000000611000000| Untracked 
|  32|0x0000000611400000, 0x0000000611400000, 0x0000000611800000|  0%| F|  |TAMS 0x0000000611400000, 0x0000000611400000| Untracked 
|  33|0x0000000611800000, 0x0000000611800000, 0x0000000611c00000|  0%| F|  |TAMS 0x0000000611800000, 0x0000000611800000| Untracked 
|  34|0x0000000611c00000, 0x0000000611c00000, 0x0000000612000000|  0%| F|  |TAMS 0x0000000611c00000, 0x0000000611c00000| Untracked 
|  35|0x0000000612000000, 0x0000000612000000, 0x0000000612400000|  0%| F|  |TAMS 0x0000000612000000, 0x0000000612000000| Untracked 
|  36|0x0000000612400000, 0x0000000612400000, 0x0000000612800000|  0%| F|  |TAMS 0x0000000612400000, 0x0000000612400000| Untracked 
|  37|0x0000000612800000, 0x0000000612800000, 0x0000000612c00000|  0%| F|  |TAMS 0x0000000612800000, 0x0000000612800000| Untracked 
|  38|0x0000000612c00000, 0x0000000612c00000, 0x0000000613000000|  0%| F|  |TAMS 0x0000000612c00000, 0x0000000612c00000| Untracked 
|  39|0x0000000613000000, 0x0000000613000000, 0x0000000613400000|  0%| F|  |TAMS 0x0000000613000000, 0x0000000613000000| Untracked 
|  40|0x0000000613400000, 0x0000000613400000, 0x0000000613800000|  0%| F|  |TAMS 0x0000000613400000, 0x0000000613400000| Untracked 
|  41|0x0000000613800000, 0x0000000613800000, 0x0000000613c00000|  0%| F|  |TAMS 0x0000000613800000, 0x0000000613800000| Untracked 
|  42|0x0000000613c00000, 0x0000000613c00000, 0x0000000614000000|  0%| F|  |TAMS 0x0000000613c00000, 0x0000000613c00000| Untracked 
|  43|0x0000000614000000, 0x0000000614000000, 0x0000000614400000|  0%| F|  |TAMS 0x0000000614000000, 0x0000000614000000| Untracked 
|  44|0x0000000614400000, 0x0000000614400000, 0x0000000614800000|  0%| F|  |TAMS 0x0000000614400000, 0x0000000614400000| Untracked 
|  45|0x0000000614800000, 0x0000000614800000, 0x0000000614c00000|  0%| F|  |TAMS 0x0000000614800000, 0x0000000614800000| Untracked 
|  46|0x0000000614c00000, 0x0000000614c00000, 0x0000000615000000|  0%| F|  |TAMS 0x0000000614c00000, 0x0000000614c00000| Untracked 
|  47|0x0000000615000000, 0x0000000615000000, 0x0000000615400000|  0%| F|  |TAMS 0x0000000615000000, 0x0000000615000000| Untracked 
|  48|0x0000000615400000, 0x0000000615400000, 0x0000000615800000|  0%| F|  |TAMS 0x0000000615400000, 0x0000000615400000| Untracked 
|  49|0x0000000615800000, 0x0000000615800000, 0x0000000615c00000|  0%| F|  |TAMS 0x0000000615800000, 0x0000000615800000| Untracked 
|  50|0x0000000615c00000, 0x0000000615c00000, 0x0000000616000000|  0%| F|  |TAMS 0x0000000615c00000, 0x0000000615c00000| Untracked 
|  51|0x0000000616000000, 0x0000000616000000, 0x0000000616400000|  0%| F|  |TAMS 0x0000000616000000, 0x0000000616000000| Untracked 
|  52|0x0000000616400000, 0x0000000616400000, 0x0000000616800000|  0%| F|  |TAMS 0x0000000616400000, 0x0000000616400000| Untracked 
|  53|0x0000000616800000, 0x0000000616800000, 0x0000000616c00000|  0%| F|  |TAMS 0x0000000616800000, 0x0000000616800000| Untracked 
|  54|0x0000000616c00000, 0x0000000616c00000, 0x0000000617000000|  0%| F|  |TAMS 0x0000000616c00000, 0x0000000616c00000| Untracked 
|  55|0x0000000617000000, 0x0000000617000000, 0x0000000617400000|  0%| F|  |TAMS 0x0000000617000000, 0x0000000617000000| Untracked 
|  56|0x0000000617400000, 0x0000000617400000, 0x0000000617800000|  0%| F|  |TAMS 0x0000000617400000, 0x0000000617400000| Untracked 
|  57|0x0000000617800000, 0x0000000617800000, 0x0000000617c00000|  0%| F|  |TAMS 0x0000000617800000, 0x0000000617800000| Untracked 
|  58|0x0000000617c00000, 0x0000000617c00000, 0x0000000618000000|  0%| F|  |TAMS 0x0000000617c00000, 0x0000000617c00000| Untracked 
|  59|0x0000000618000000, 0x0000000618000000, 0x0000000618400000|  0%| F|  |TAMS 0x0000000618000000, 0x0000000618000000| Untracked 
|  60|0x0000000618400000, 0x0000000618400000, 0x0000000618800000|  0%| F|  |TAMS 0x0000000618400000, 0x0000000618400000| Untracked 
|  61|0x0000000618800000, 0x0000000618800000, 0x0000000618c00000|  0%| F|  |TAMS 0x0000000618800000, 0x0000000618800000| Untracked 
|  62|0x0000000618c00000, 0x0000000618c00000, 0x0000000619000000|  0%| F|  |TAMS 0x0000000618c00000, 0x0000000618c00000| Untracked 
|  63|0x0000000619000000, 0x0000000619000000, 0x0000000619400000|  0%| F|  |TAMS 0x0000000619000000, 0x0000000619000000| Untracked 
|  64|0x0000000619400000, 0x0000000619400000, 0x0000000619800000|  0%| F|  |TAMS 0x0000000619400000, 0x0000000619400000| Untracked 
|  65|0x0000000619800000, 0x0000000619800000, 0x0000000619c00000|  0%| F|  |TAMS 0x0000000619800000, 0x0000000619800000| Untracked 
|  66|0x0000000619c00000, 0x0000000619c00000, 0x000000061a000000|  0%| F|  |TAMS 0x0000000619c00000, 0x0000000619c00000| Untracked 
|  67|0x000000061a000000, 0x000000061a000000, 0x000000061a400000|  0%| F|  |TAMS 0x000000061a000000, 0x000000061a000000| Untracked 
|  68|0x000000061a400000, 0x000000061a400000, 0x000000061a800000|  0%| F|  |TAMS 0x000000061a400000, 0x000000061a400000| Untracked 
|  69|0x000000061a800000, 0x000000061a800000, 0x000000061ac00000|  0%| F|  |TAMS 0x000000061a800000, 0x000000061a800000| Untracked 
|  70|0x000000061ac00000, 0x000000061ac00000, 0x000000061b000000|  0%| F|  |TAMS 0x000000061ac00000, 0x000000061ac00000| Untracked 
|  71|0x000000061b000000, 0x000000061b000000, 0x000000061b400000|  0%| F|  |TAMS 0x000000061b000000, 0x000000061b000000| Untracked 
|  72|0x000000061b400000, 0x000000061b400000, 0x000000061b800000|  0%| F|  |TAMS 0x000000061b400000, 0x000000061b400000| Untracked 
|  73|0x000000061b800000, 0x000000061b800000, 0x000000061bc00000|  0%| F|  |TAMS 0x000000061b800000, 0x000000061b800000| Untracked 
|  74|0x000000061bc00000, 0x000000061bc00000, 0x000000061c000000|  0%| F|  |TAMS 0x000000061bc00000, 0x000000061bc00000| Untracked 
|  75|0x000000061c000000, 0x000000061c000000, 0x000000061c400000|  0%| F|  |TAMS 0x000000061c000000, 0x000000061c000000| Untracked 
|  76|0x000000061c400000, 0x000000061c400000, 0x000000061c800000|  0%| F|  |TAMS 0x000000061c400000, 0x000000061c400000| Untracked 
|  77|0x000000061c800000, 0x000000061c800000, 0x000000061cc00000|  0%| F|  |TAMS 0x000000061c800000, 0x000000061c800000| Untracked 
|  78|0x000000061cc00000, 0x000000061cc00000, 0x000000061d000000|  0%| F|  |TAMS 0x000000061cc00000, 0x000000061cc00000| Untracked 
|  79|0x000000061d000000, 0x000000061d000000, 0x000000061d400000|  0%| F|  |TAMS 0x000000061d000000, 0x000000061d000000| Untracked 
|  80|0x000000061d400000, 0x000000061d400000, 0x000000061d800000|  0%| F|  |TAMS 0x000000061d400000, 0x000000061d400000| Untracked 
|  81|0x000000061d800000, 0x000000061d800000, 0x000000061dc00000|  0%| F|  |TAMS 0x000000061d800000, 0x000000061d800000| Untracked 
|  82|0x000000061dc00000, 0x000000061dc00000, 0x000000061e000000|  0%| F|  |TAMS 0x000000061dc00000, 0x000000061dc00000| Untracked 
|  83|0x000000061e000000, 0x000000061e000000, 0x000000061e400000|  0%| F|  |TAMS 0x000000061e000000, 0x000000061e000000| Untracked 
|  84|0x000000061e400000, 0x000000061e400000, 0x000000061e800000|  0%| F|  |TAMS 0x000000061e400000, 0x000000061e400000| Untracked 
|  85|0x000000061e800000, 0x000000061e800000, 0x000000061ec00000|  0%| F|  |TAMS 0x000000061e800000, 0x000000061e800000| Untracked 
|  86|0x000000061ec00000, 0x000000061ec00000, 0x000000061f000000|  0%| F|  |TAMS 0x000000061ec00000, 0x000000061ec00000| Untracked 
|  87|0x000000061f000000, 0x000000061f000000, 0x000000061f400000|  0%| F|  |TAMS 0x000000061f000000, 0x000000061f000000| Untracked 
|  88|0x000000061f400000, 0x000000061f400000, 0x000000061f800000|  0%| F|  |TAMS 0x000000061f400000, 0x000000061f400000| Untracked 
|  89|0x000000061f800000, 0x000000061f800000, 0x000000061fc00000|  0%| F|  |TAMS 0x000000061f800000, 0x000000061f800000| Untracked 
|  90|0x000000061fc00000, 0x000000061fc00000, 0x0000000620000000|  0%| F|  |TAMS 0x000000061fc00000, 0x000000061fc00000| Untracked 
|  91|0x0000000620000000, 0x0000000620000000, 0x0000000620400000|  0%| F|  |TAMS 0x0000000620000000, 0x0000000620000000| Untracked 
|  92|0x0000000620400000, 0x0000000620400000, 0x0000000620800000|  0%| F|  |TAMS 0x0000000620400000, 0x0000000620400000| Untracked 
|  93|0x0000000620800000, 0x0000000620800000, 0x0000000620c00000|  0%| F|  |TAMS 0x0000000620800000, 0x0000000620800000| Untracked 
|  94|0x0000000620c00000, 0x0000000620c00000, 0x0000000621000000|  0%| F|  |TAMS 0x0000000620c00000, 0x0000000620c00000| Untracked 
|  95|0x0000000621000000, 0x0000000621000000, 0x0000000621400000|  0%| F|  |TAMS 0x0000000621000000, 0x0000000621000000| Untracked 
|  96|0x0000000621400000, 0x0000000621400000, 0x0000000621800000|  0%| F|  |TAMS 0x0000000621400000, 0x0000000621400000| Untracked 
|  97|0x0000000621800000, 0x0000000621800000, 0x0000000621c00000|  0%| F|  |TAMS 0x0000000621800000, 0x0000000621800000| Untracked 
|  98|0x0000000621c00000, 0x0000000621c00000, 0x0000000622000000|  0%| F|  |TAMS 0x0000000621c00000, 0x0000000621c00000| Untracked 
|  99|0x0000000622000000, 0x0000000622000000, 0x0000000622400000|  0%| F|  |TAMS 0x0000000622000000, 0x0000000622000000| Untracked 
| 100|0x0000000622400000, 0x0000000622400000, 0x0000000622800000|  0%| F|  |TAMS 0x0000000622400000, 0x0000000622400000| Untracked 
| 101|0x0000000622800000, 0x0000000622800000, 0x0000000622c00000|  0%| F|  |TAMS 0x0000000622800000, 0x0000000622800000| Untracked 
| 102|0x0000000622c00000, 0x0000000622c00000, 0x0000000623000000|  0%| F|  |TAMS 0x0000000622c00000, 0x0000000622c00000| Untracked 
| 103|0x0000000623000000, 0x0000000623000000, 0x0000000623400000|  0%| F|  |TAMS 0x0000000623000000, 0x0000000623000000| Untracked 
| 104|0x0000000623400000, 0x0000000623400000, 0x0000000623800000|  0%| F|  |TAMS 0x0000000623400000, 0x0000000623400000| Untracked 
| 105|0x0000000623800000, 0x0000000623800000, 0x0000000623c00000|  0%| F|  |TAMS 0x0000000623800000, 0x0000000623800000| Untracked 
| 106|0x0000000623c00000, 0x0000000623c00000, 0x0000000624000000|  0%| F|  |TAMS 0x0000000623c00000, 0x0000000623c00000| Untracked 
| 107|0x0000000624000000, 0x0000000624000000, 0x0000000624400000|  0%| F|  |TAMS 0x0000000624000000, 0x0000000624000000| Untracked 
| 108|0x0000000624400000, 0x0000000624400000, 0x0000000624800000|  0%| F|  |TAMS 0x0000000624400000, 0x0000000624400000| Untracked 
| 109|0x0000000624800000, 0x0000000624800000, 0x0000000624c00000|  0%| F|  |TAMS 0x0000000624800000, 0x0000000624800000| Untracked 
| 110|0x0000000624c00000, 0x0000000624c00000, 0x0000000625000000|  0%| F|  |TAMS 0x0000000624c00000, 0x0000000624c00000| Untracked 
| 111|0x0000000625000000, 0x0000000625000000, 0x0000000625400000|  0%| F|  |TAMS 0x0000000625000000, 0x0000000625000000| Untracked 
| 112|0x0000000625400000, 0x0000000625400000, 0x0000000625800000|  0%| F|  |TAMS 0x0000000625400000, 0x0000000625400000| Untracked 
| 113|0x0000000625800000, 0x0000000625800000, 0x0000000625c00000|  0%| F|  |TAMS 0x0000000625800000, 0x0000000625800000| Untracked 
| 114|0x0000000625c00000, 0x0000000625c00000, 0x0000000626000000|  0%| F|  |TAMS 0x0000000625c00000, 0x0000000625c00000| Untracked 
| 115|0x0000000626000000, 0x00000006263f5e18, 0x0000000626400000| 99%| E|  |TAMS 0x0000000626000000, 0x0000000626000000| Complete 
| 116|0x0000000626400000, 0x0000000626800000, 0x0000000626800000|100%| E|CS|TAMS 0x0000000626400000, 0x0000000626400000| Complete 
| 117|0x0000000626800000, 0x0000000626c00000, 0x0000000626c00000|100%| E|CS|TAMS 0x0000000626800000, 0x0000000626800000| Complete 
| 118|0x0000000626c00000, 0x0000000627000000, 0x0000000627000000|100%| E|CS|TAMS 0x0000000626c00000, 0x0000000626c00000| Complete 
| 119|0x0000000627000000, 0x0000000627400000, 0x0000000627400000|100%| E|CS|TAMS 0x0000000627000000, 0x0000000627000000| Complete 
| 120|0x0000000627400000, 0x0000000627513cd8, 0x0000000627800000| 26%| S|CS|TAMS 0x0000000627400000, 0x0000000627400000| Complete 
| 121|0x0000000627800000, 0x0000000627c00000, 0x0000000627c00000|100%| E|CS|TAMS 0x0000000627800000, 0x0000000627800000| Complete 
| 122|0x0000000627c00000, 0x0000000628000000, 0x0000000628000000|100%| E|CS|TAMS 0x0000000627c00000, 0x0000000627c00000| Complete 
| 123|0x0000000628000000, 0x0000000628400000, 0x0000000628400000|100%| E|CS|TAMS 0x0000000628000000, 0x0000000628000000| Complete 
| 124|0x0000000628400000, 0x0000000628800000, 0x0000000628800000|100%| E|CS|TAMS 0x0000000628400000, 0x0000000628400000| Complete 
| 125|0x0000000628800000, 0x0000000628c00000, 0x0000000628c00000|100%| E|CS|TAMS 0x0000000628800000, 0x0000000628800000| Complete 

Card table byte_map: [0x00000242af180000,0x00000242b0140000] _byte_map_base: 0x00000242ac136000

Marking Bits (Prev, Next): (CMBitMap*) 0x0000024296a83890, (CMBitMap*) 0x0000024296a838d0
 Prev Bits: [0x00000242b1100000, 0x00000242b8eb0000)
 Next Bits: [0x00000242b8eb0000, 0x00000242c0c60000)

Polling page: 0x00000242946e0000

Metaspace:

Usage:
  Non-class:     14.13 MB used.
      Class:      1.60 MB used.
       Both:     15.73 MB used.

Virtual space:
  Non-class space:       64.00 MB reserved,      14.31 MB ( 22%) committed,  1 nodes.
      Class space:        1.00 GB reserved,       1.75 MB ( <1%) committed,  1 nodes.
             Both:        1.06 GB reserved,      16.06 MB (  1%) committed. 

Chunk freelists:
   Non-Class:  1008.00 KB
       Class:  2.16 MB
        Both:  3.15 MB

MaxMetaspaceSize: unlimited
CompressedClassSpaceSize: 1.00 GB
Initial GC threshold: 21.00 MB
Current GC threshold: 21.00 MB
CDS: on
MetaspaceReclaimPolicy: balanced
 - commit_granule_bytes: 65536.
 - commit_granule_words: 8192.
 - virtual_space_node_default_size: 8388608.
 - enlarge_chunks_in_place: 1.
 - new_chunks_are_fully_committed: 0.
 - uncommit_free_chunks: 1.
 - use_allocation_guard: 0.


Internal statistics:

num_allocs_failed_limit: 0.
num_arena_births: 238.
num_arena_deaths: 0.
num_vsnodes_births: 2.
num_vsnodes_deaths: 0.
num_space_committed: 257.
num_space_uncommitted: 0.
num_chunks_returned_to_freelist: 0.
num_chunks_taken_from_freelist: 372.
num_chunk_merges: 0.
num_chunk_splits: 241.
num_chunks_enlarged: 157.
num_inconsistent_stats: 0.

CodeHeap 'non-profiled nmethods': size=119168Kb used=2124Kb max_used=2124Kb free=117043Kb
 bounds [0x00000242a64d0000, 0x00000242a6740000, 0x00000242ad930000]
CodeHeap 'profiled nmethods': size=119104Kb used=7565Kb max_used=7565Kb free=111538Kb
 bounds [0x000002429e930000, 0x000002429f0a0000, 0x00000242a5d80000]
CodeHeap 'non-nmethods': size=7488Kb used=1454Kb max_used=3161Kb free=6033Kb
 bounds [0x00000242a5d80000, 0x00000242a60a0000, 0x00000242a64d0000]
 total_blobs=4473 nmethods=3750 adapters=632
 compilation: enabled
              stopped_count=0, restarted_count=0
 full_count=0

Compilation events (20 events):
Event: 40.334 Thread 0x00000242c0e45cd0 nmethod 3740 0x00000242a66e2090 code [0x00000242a66e2240, 0x00000242a66e2328]
Event: 40.346 Thread 0x00000242c3ce1fa0 3741       1       javax.swing.text.SimpleAttributeSet$EmptyAttributeSet::isDefined (2 bytes)
Event: 40.347 Thread 0x00000242c3ce1fa0 nmethod 3741 0x00000242a66e2410 code [0x00000242a66e25a0, 0x00000242a66e2678]
Event: 40.347 Thread 0x00000242c3ce1fa0 3742   !   3       javax.swing.JViewport::paint (884 bytes)
Event: 40.350 Thread 0x00000242c3ce1fa0 nmethod 3742 0x000002429f07f010 code [0x000002429f07f900, 0x000002429f084e78]
Event: 40.350 Thread 0x00000242c3ce1fa0 3743       3       javax.swing.JViewport::getViewLocation (24 bytes)
Event: 40.350 Thread 0x00000242c3ce1fa0 nmethod 3743 0x000002429f086f90 code [0x000002429f087200, 0x000002429f088018]
Event: 40.360 Thread 0x00000242c0e45cd0 3744       4       sun.java2d.d3d.D3DRTTSurfaceToSurfaceScale::Scale (30 bytes)
Event: 40.361 Thread 0x00000242c0e45cd0 nmethod 3744 0x00000242a66e2710 code [0x00000242a66e28a0, 0x00000242a66e29a8]
Event: 40.442 Thread 0x00000242c0e45cd0 3745       4       javax.swing.border.AbstractBorder::getBorderInsets (17 bytes)
Event: 40.443 Thread 0x00000242c0e45cd0 nmethod 3745 0x00000242a66e2a90 code [0x00000242a66e2c20, 0x00000242a66e2d18]
Event: 40.458 Thread 0x00000242c0e45cd0 3746       4       sun.java2d.SunGraphics2D::<init> (154 bytes)
Event: 40.468 Thread 0x00000242c3ce1fa0 3750       3       javax.swing.plaf.metal.MetalButtonUI::paintText (81 bytes)
Event: 40.470 Thread 0x00000242c3ce1fa0 nmethod 3750 0x000002429f088490 code [0x000002429f0888e0, 0x000002429f08aab8]
Event: 40.470 Thread 0x00000242c3ce1fa0 3751       3       javax.swing.plaf.metal.MetalBorders$ButtonBorder::paintBorder (198 bytes)
Event: 40.470 Thread 0x00000242d0e5ebf0 3754       4       java.awt.Color::equals (27 bytes)
Event: 40.471 Thread 0x00000242c3ce1fa0 nmethod 3751 0x000002429f08b690 code [0x000002429f08b960, 0x000002429f08cb58]
Event: 40.471 Thread 0x00000242c3ce1fa0 3752       3       javax.swing.plaf.metal.MetalBorders$ButtonBorder::paintOceanBorder (575 bytes)
Event: 40.471 Thread 0x00000242d0e5ebf0 nmethod 3754 0x00000242a66e2e10 code [0x00000242a66e2fa0, 0x00000242a66e3058]
Event: 40.471 Thread 0x00000242d0e5ebf0 3747       4       sun.java2d.SunGraphics2D::setDevClip (21 bytes)

GC Heap History (4 events):
Event: 3.315 GC heap before
{Heap before GC invocations=0 (full 0):
 garbage-first heap   total 516096K, used 20480K [0x0000000609400000, 0x0000000800000000)
  region size 4096K, 6 young (24576K), 0 survivors (0K)
 Metaspace       used 13383K, committed 13632K, reserved 1114112K
  class space    used 1408K, committed 1536K, reserved 1048576K
}
Event: 3.318 GC heap after
{Heap after GC invocations=1 (full 0):
 garbage-first heap   total 516096K, used 8527K [0x0000000609400000, 0x0000000800000000)
  region size 4096K, 1 young (4096K), 1 survivors (4096K)
 Metaspace       used 13383K, committed 13632K, reserved 1114112K
  class space    used 1408K, committed 1536K, reserved 1048576K
}
Event: 33.228 GC heap before
{Heap before GC invocations=1 (full 0):
 garbage-first heap   total 516096K, used 29007K [0x0000000609400000, 0x0000000800000000)
  region size 4096K, 6 young (24576K), 1 survivors (4096K)
 Metaspace       used 15851K, committed 16192K, reserved 1114112K
  class space    used 1635K, committed 1792K, reserved 1048576K
}
Event: 33.232 GC heap after
{Heap after GC invocations=2 (full 0):
 garbage-first heap   total 516096K, used 9723K [0x0000000609400000, 0x0000000800000000)
  region size 4096K, 1 young (4096K), 1 survivors (4096K)
 Metaspace       used 15851K, committed 16192K, reserved 1114112K
  class space    used 1635K, committed 1792K, reserved 1048576K
}

Dll operation events (11 events):
Event: 0.006 Loaded shared library C:\Program Files\Java\jdk-19\bin\java.dll
Event: 0.015 Loaded shared library C:\Program Files\Java\jdk-19\bin\jsvml.dll
Event: 0.055 Loaded shared library C:\Program Files\Java\jdk-19\bin\net.dll
Event: 0.057 Loaded shared library C:\Program Files\Java\jdk-19\bin\nio.dll
Event: 0.063 Loaded shared library C:\Program Files\Java\jdk-19\bin\zip.dll
Event: 0.109 Loaded shared library C:\Program Files\Java\jdk-19\bin\jimage.dll
Event: 0.127 Loaded shared library C:\Program Files\Java\jdk-19\bin\awt.dll
Event: 0.395 Loaded shared library C:\Program Files\Java\jdk-19\bin\freetype.dll
Event: 0.396 Loaded shared library C:\Program Files\Java\jdk-19\bin\fontmanager.dll
Event: 3.140 Loaded shared library C:\Program Files\Java\jdk-19\bin\verify.dll
Event: 3.208 Loaded shared library C:\Program Files\Java\jdk-19\bin\extnet.dll

Deoptimization events (20 events):
Event: 36.684 Thread 0x00000242c84c7680 DEOPT PACKING pc=0x00000242a66184f8 sp=0x0000006b8e7fe1d0
Event: 36.684 Thread 0x00000242c84c7680 DEOPT UNPACKING pc=0x00000242a5de6da3 sp=0x0000006b8e7fe0f0 mode 2
Event: 36.684 Thread 0x00000242c84c7680 Uncommon trap: trap_request=0xffffff45 fr.pc=0x00000242a66228a0 relative=0x0000000000001d60
Event: 36.684 Thread 0x00000242c84c7680 Uncommon trap: reason=unstable_if action=reinterpret pc=0x00000242a66228a0 method=javax.swing.JComponent.paintChildren(Ljava/awt/Graphics;)V @ 293 c2
Event: 36.684 Thread 0x00000242c84c7680 DEOPT PACKING pc=0x00000242a66228a0 sp=0x0000006b8e7fe090
Event: 36.684 Thread 0x00000242c84c7680 DEOPT UNPACKING pc=0x00000242a5de6da3 sp=0x0000006b8e7fe040 mode 2
Event: 36.736 Thread 0x00000242c84c7680 Uncommon trap: trap_request=0xffffff45 fr.pc=0x00000242a65d8034 relative=0x0000000000003b54
Event: 36.736 Thread 0x00000242c84c7680 Uncommon trap: reason=unstable_if action=reinterpret pc=0x00000242a65d8034 method=java.awt.Component.notifyNewBounds(ZZ)V @ 97 c2
Event: 36.736 Thread 0x00000242c84c7680 DEOPT PACKING pc=0x00000242a65d8034 sp=0x0000006b8e7fe1d0
Event: 36.736 Thread 0x00000242c84c7680 DEOPT UNPACKING pc=0x00000242a5de6da3 sp=0x0000006b8e7fe090 mode 2
Event: 36.736 Thread 0x00000242c84c7680 Uncommon trap: trap_request=0xffffff45 fr.pc=0x00000242a65e21cc relative=0x0000000000003dcc
Event: 36.736 Thread 0x00000242c84c7680 Uncommon trap: reason=unstable_if action=reinterpret pc=0x00000242a65e21cc method=java.awt.Component.notifyNewBounds(ZZ)V @ 97 c2
Event: 36.736 Thread 0x00000242c84c7680 DEOPT PACKING pc=0x00000242a65e21cc sp=0x0000006b8e7fdea0
Event: 36.736 Thread 0x00000242c84c7680 DEOPT UNPACKING pc=0x00000242a5de6da3 sp=0x0000006b8e7fde08 mode 2
Event: 39.764 Thread 0x00000242c84c7680 DEOPT PACKING pc=0x000002429eb6ec24 sp=0x0000006b8e7feaf0
Event: 39.764 Thread 0x00000242c84c7680 DEOPT UNPACKING pc=0x00000242a5de7543 sp=0x0000006b8e7fdf80 mode 0
Event: 40.436 Thread 0x00000242c84c7680 Uncommon trap: trap_request=0xffffff45 fr.pc=0x00000242a661555c relative=0x000000000000003c
Event: 40.436 Thread 0x00000242c84c7680 Uncommon trap: reason=unstable_if action=reinterpret pc=0x00000242a661555c method=sun.java2d.d3d.D3DSurfaceData.getCustomSurfaceType(I)Lsun/java2d/loops/SurfaceType; @ 1 c2
Event: 40.436 Thread 0x00000242c84c7680 DEOPT PACKING pc=0x00000242a661555c sp=0x0000006b8e7fcd50
Event: 40.436 Thread 0x00000242c84c7680 DEOPT UNPACKING pc=0x00000242a5de6da3 sp=0x0000006b8e7fccd8 mode 2

Classes loaded (20 events):
Event: 5.988 Loading class javax/swing/JTable$PrintMode
Event: 5.988 Loading class javax/swing/JTable$PrintMode done
Event: 5.988 Loading class javax/swing/table/DefaultTableCellRenderer$UIResource
Event: 5.988 Loading class javax/swing/table/DefaultTableCellRenderer$UIResource done
Event: 31.408 Loading class java/awt/ColorPaintContext
Event: 31.408 Loading class java/awt/PaintContext
Event: 31.409 Loading class java/awt/PaintContext done
Event: 31.409 Loading class java/awt/ColorPaintContext done
Event: 31.409 Loading class sun/java2d/pipe/AlphaPaintPipe$TileContext
Event: 31.409 Loading class sun/java2d/pipe/AlphaPaintPipe$TileContext done
Event: 31.409 Loading class sun/java2d/loops/MaskBlit$General
Event: 31.409 Loading class sun/java2d/loops/GraphicsPrimitive$GeneralBinaryOp
Event: 31.409 Loading class sun/java2d/loops/GraphicsPrimitive$GeneralBinaryOp done
Event: 31.409 Loading class sun/java2d/loops/MaskBlit$General done
Event: 31.480 Loading class javax/swing/DefaultDesktopManager$1
Event: 31.480 Loading class javax/swing/DefaultDesktopManager$1 done
Event: 34.772 Loading class java/security/DomainCombiner
Event: 34.772 Loading class java/security/DomainCombiner done
Event: 34.843 Loading class java/awt/image/BufferedImageOp
Event: 34.843 Loading class java/awt/image/BufferedImageOp done

Classes unloaded (0 events):
No events

Classes redefined (0 events):
No events

Internal exceptions (20 events):
Event: 0.293 Thread 0x00000242c84c7680 Exception <a 'java/lang/ClassNotFoundException'{0x0000000628268900}: com/sun/swing/internal/plaf/metal/resources/spi/metalProvider> (0x0000000628268900) 
thrown [s\open\src\hotspot\share\classfile\systemDictionary.cpp, line 255]
Event: 0.293 Thread 0x00000242c84c7680 Exception <a 'java/lang/ClassNotFoundException'{0x000000062826c830}: com/sun/swing/internal/plaf/basic/resources/spi/basicProvider> (0x000000062826c830) 
thrown [s\open\src\hotspot\share\classfile\systemDictionary.cpp, line 255]
Event: 0.300 Thread 0x00000242c84c7680 Exception <a 'java/lang/NoSuchMethodError'{0x000000062828ca10}: 'int java.lang.invoke.Invokers$Holder.invokeExact_MT(java.lang.Object, java.lang.Object)'> (0x000000062828ca10) 
thrown [s\open\src\hotspot\share\interpreter\linkResolver.cpp, line 774]
Event: 0.357 Thread 0x00000242c878ec40 Exception <a 'java/lang/NoSuchMethodError'{0x0000000627ca5800}: 'java.lang.Object java.lang.invoke.DirectMethodHandle$Holder.newInvokeSpecial(java.lang.Object, java.lang.Object, java.lang.Object, int, int, int, int, int)'> (0x0000000627ca5800) 
thrown [s\open\src\hotspot\share\interpreter\linkResolver.cpp, line 774]
Event: 0.363 Thread 0x00000242c878ec40 Exception <a 'java/lang/InterruptedException'{0x0000000627d70880}: sleep interrupted> (0x0000000627d70880) 
thrown [s\open\src\hotspot\share\prims\jvm.cpp, line 3081]
Event: 0.382 Thread 0x00000242c3fe1290 Exception <a 'java/lang/NoSuchMethodError'{0x000000062800f900}: 'void java.lang.invoke.DirectMethodHandle$Holder.invokeVirtual(java.lang.Object, java.lang.Object)'> (0x000000062800f900) 
thrown [s\open\src\hotspot\share\interpreter\linkResolver.cpp, line 774]
Event: 0.393 Thread 0x00000242c84c7680 Exception <a 'java/lang/NoSuchMethodError'{0x0000000627dbf060}: 'void java.lang.invoke.DirectMethodHandle$Holder.invokeStaticInit(java.lang.Object)'> (0x0000000627dbf060) 
thrown [s\open\src\hotspot\share\interpreter\linkResolver.cpp, line 774]
Event: 0.457 Thread 0x00000242c84c7680 Exception <a 'java/io/FileNotFoundException'{0x0000000627e58de8}> (0x0000000627e58de8) 
thrown [s\open\src\hotspot\share\prims\jni.cpp, line 517]
Event: 0.470 Thread 0x00000242c84c7680 Exception <a 'java/lang/ClassNotFoundException'{0x0000000627ed6590}: sun/util/logging/resources/spi/loggingProvider> (0x0000000627ed6590) 
thrown [s\open\src\hotspot\share\classfile\systemDictionary.cpp, line 255]
Event: 3.101 Thread 0x00000242c84c7680 Exception <a 'java/lang/NoSuchMethodError'{0x000000062796a540}: 'void java.lang.invoke.DirectMethodHandle$Holder.invokeStatic(java.lang.Object, java.lang.Object)'> (0x000000062796a540) 
thrown [s\open\src\hotspot\share\interpreter\linkResolver.cpp, line 774]
Event: 3.189 Thread 0x00000242c84c7680 Exception <a 'java/lang/NoSuchMethodError'{0x0000000627595228}: 'java.lang.ClassLoader java.lang.Thread.getContextClassLoader(java.lang.Class)'> (0x0000000627595228) 
thrown [s\open\src\hotspot\share\interpreter\linkResolver.cpp, line 774]
Event: 3.189 Thread 0x00000242c84c7680 Exception <a 'java/lang/NoSuchMethodError'{0x000000062759af28}: 'java.lang.Object java.lang.invoke.DirectMethodHandle$Holder.invokeStatic(java.lang.Object, java.lang.Object, int)'> (0x000000062759af28) 
thrown [s\open\src\hotspot\share\interpreter\linkResolver.cpp, line 774]
Event: 3.190 Thread 0x00000242c84c7680 Exception <a 'java/lang/NoSuchMethodError'{0x00000006275a64c8}: 'void java.lang.invoke.DelegatingMethodHandle$Holder.delegate(java.lang.Object, java.lang.Object, int, java.lang.Object)'> (0x00000006275a64c8) 
thrown [s\open\src\hotspot\share\interpreter\linkResolver.cpp, line 774]
Event: 3.191 Thread 0x00000242c84c7680 Exception <a 'java/lang/NoSuchMethodError'{0x00000006275aabc0}: 'int java.lang.invoke.DirectMethodHandle$Holder.invokeSpecial(java.lang.Object, java.lang.Object, java.lang.Object)'> (0x00000006275aabc0) 
thrown [s\open\src\hotspot\share\interpreter\linkResolver.cpp, line 774]
Event: 3.191 Thread 0x00000242c84c7680 Exception <a 'java/lang/NoSuchMethodError'{0x00000006275b78c0}: 'java.lang.Object java.lang.invoke.Invokers$Holder.invokeExact_MT(java.lang.Object, java.lang.Object, java.lang.Object, java.lang.Object, java.lang.Object)'> (0x00000006275b78c0) 
thrown [s\open\src\hotspot\share\interpreter\linkResolver.cpp, line 774]
Event: 3.321 Thread 0x00000242c84c7680 Exception <a 'java/io/FileNotFoundException'{0x000000062886e1b0}> (0x000000062886e1b0) 
thrown [s\open\src\hotspot\share\prims\jni.cpp, line 517]
Event: 3.323 Thread 0x00000242c8b26a70 Exception <a 'java/io/FileNotFoundException'{0x0000000628913aa0}> (0x0000000628913aa0) 
thrown [s\open\src\hotspot\share\prims\jni.cpp, line 517]
Event: 3.679 Thread 0x00000242c878ec40 Exception <a 'java/lang/InterruptedException'{0x0000000628a28280}: sleep interrupted> (0x0000000628a28280) 
thrown [s\open\src\hotspot\share\prims\jvm.cpp, line 3081]
Event: 5.879 Thread 0x00000242c84c7680 Exception <a 'java/lang/NoSuchMethodError'{0x0000000628552410}: 'java.lang.Object java.lang.invoke.DirectMethodHandle$Holder.invokeInterface(java.lang.Object, java.lang.Object)'> (0x0000000628552410) 
thrown [s\open\src\hotspot\share\interpreter\linkResolver.cpp, line 774]
Event: 33.232 Thread 0x00000242c84c7680 Implicit null exception at 0x00000242a65c3b0f to 0x00000242a65c5844

VM Operations (20 events):
Event: 32.171 Executing VM operation: Cleanup
Event: 32.171 Executing VM operation: Cleanup done
Event: 32.465 Executing VM operation: HandshakeAllThreads
Event: 32.465 Executing VM operation: HandshakeAllThreads done
Event: 33.228 Executing VM operation: G1CollectForAllocation
Event: 33.232 Executing VM operation: G1CollectForAllocation done
Event: 33.731 Executing VM operation: HandshakeAllThreads
Event: 33.732 Executing VM operation: HandshakeAllThreads done
Event: 34.737 Executing VM operation: Cleanup
Event: 34.737 Executing VM operation: Cleanup done
Event: 35.741 Executing VM operation: Cleanup
Event: 35.741 Executing VM operation: Cleanup done
Event: 36.745 Executing VM operation: Cleanup
Event: 36.745 Executing VM operation: Cleanup done
Event: 37.750 Executing VM operation: Cleanup
Event: 37.750 Executing VM operation: Cleanup done
Event: 38.763 Executing VM operation: Cleanup
Event: 38.763 Executing VM operation: Cleanup done
Event: 39.777 Executing VM operation: Cleanup
Event: 39.777 Executing VM operation: Cleanup done

Events (20 events):
Event: 7.778 Thread 0x00000242c3de9820 Thread exited: 0x00000242c3de9820
Event: 7.819 Thread 0x00000242c3de92a0 Thread exited: 0x00000242c3de92a0
Event: 8.663 Thread 0x00000242c845ef00 Thread exited: 0x00000242c845ef00
Event: 10.916 Thread 0x00000242c8b26a70 Thread exited: 0x00000242c8b26a70
Event: 10.980 Thread 0x00000242c878ec40 Thread exited: 0x00000242c878ec40
Event: 32.530 Thread 0x00000242c89a8760 Thread added: 0x00000242c89a8760
Event: 32.561 Thread 0x00000242d0a0fe40 Thread added: 0x00000242d0a0fe40
Event: 33.683 Thread 0x00000242d0a0fe40 Thread exited: 0x00000242d0a0fe40
Event: 33.788 Thread 0x00000242d9545d60 Thread added: 0x00000242d9545d60
Event: 33.796 Thread 0x00000242d12c8820 Thread added: 0x00000242d12c8820
Event: 33.904 Thread 0x00000242d12c8820 Thread exited: 0x00000242d12c8820
Event: 34.034 Thread 0x00000242d9545d60 Thread exited: 0x00000242d9545d60
Event: 34.179 Thread 0x00000242d9545d60 Thread added: 0x00000242d9545d60
Event: 34.346 Thread 0x00000242d925eac0 Thread added: 0x00000242d925eac0
Event: 34.631 Thread 0x00000242d925eac0 Thread exited: 0x00000242d925eac0
Event: 35.478 Thread 0x00000242d9545d60 Thread exited: 0x00000242d9545d60
Event: 35.988 Thread 0x00000242c89a8760 Thread exited: 0x00000242c89a8760
Event: 36.787 Thread 0x00000242d0ba8470 Thread added: 0x00000242d0ba8470
Event: 37.007 Thread 0x00000242d0ba8470 Thread exited: 0x00000242d0ba8470
Event: 40.470 Thread 0x00000242d0e5ebf0 Thread added: 0x00000242d0e5ebf0


Dynamic libraries:
0x00007ff6ad0f0000 - 0x00007ff6ad100000 	C:\Program Files\Java\jdk-19\bin\java.exe
0x00007ff952230000 - 0x00007ff952447000 	C:\WINDOWS\SYSTEM32\ntdll.dll
0x00007ff9508e0000 - 0x00007ff9509a4000 	C:\WINDOWS\System32\KERNEL32.DLL
0x00007ff94f510000 - 0x00007ff94f8e0000 	C:\WINDOWS\System32\KERNELBASE.dll
0x00007ff94f8e0000 - 0x00007ff94f9f1000 	C:\WINDOWS\System32\ucrtbase.dll
0x00007ff93beb0000 - 0x00007ff93bec8000 	C:\Program Files\Java\jdk-19\bin\jli.dll
0x00007ff942950000 - 0x00007ff94296b000 	C:\Program Files\Java\jdk-19\bin\VCRUNTIME140.dll
0x00007ff950c30000 - 0x00007ff950ce1000 	C:\WINDOWS\System32\ADVAPI32.dll
0x00007ff951260000 - 0x00007ff951307000 	C:\WINDOWS\System32\msvcrt.dll
0x00007ff9509b0000 - 0x00007ff950a57000 	C:\WINDOWS\System32\sechost.dll
0x00007ff94fd50000 - 0x00007ff94fd78000 	C:\WINDOWS\System32\bcrypt.dll
0x00007ff951aa0000 - 0x00007ff951bb4000 	C:\WINDOWS\System32\RPCRT4.dll
0x00007ff950a80000 - 0x00007ff950c2e000 	C:\WINDOWS\System32\USER32.dll
0x00007ff94f4e0000 - 0x00007ff94f506000 	C:\WINDOWS\System32\win32u.dll
0x00007ff93d250000 - 0x00007ff93d4e2000 	C:\WINDOWS\WinSxS\amd64_microsoft.windows.common-controls_6595b64144ccf1df_6.0.22621.4830_none_270fe7d773858e80\COMCTL32.dll
0x00007ff951c70000 - 0x00007ff951c99000 	C:\WINDOWS\System32\GDI32.dll
0x00007ff94fd80000 - 0x00007ff94fe9b000 	C:\WINDOWS\System32\gdi32full.dll
0x00007ff94fa00000 - 0x00007ff94fa9a000 	C:\WINDOWS\System32\msvcp_win.dll
0x00007ff945010000 - 0x00007ff94501a000 	C:\WINDOWS\SYSTEM32\VERSION.dll
0x00007ff9521b0000 - 0x00007ff9521e1000 	C:\WINDOWS\System32\IMM32.DLL
0x00007ff947060000 - 0x00007ff94706c000 	C:\Program Files\Java\jdk-19\bin\vcruntime140_1.dll
0x00007ff93c760000 - 0x00007ff93c7ee000 	C:\Program Files\Java\jdk-19\bin\msvcp140.dll
0x00007ff8eaf80000 - 0x00007ff8ebc40000 	C:\Program Files\Java\jdk-19\bin\server\jvm.dll
0x00007ff9498c0000 - 0x00007ff9498c9000 	C:\WINDOWS\SYSTEM32\WSOCK32.dll
0x00007ff94c470000 - 0x00007ff94c4a4000 	C:\WINDOWS\SYSTEM32\WINMM.dll
0x00007ff951690000 - 0x00007ff951701000 	C:\WINDOWS\System32\WS2_32.dll
0x00007ff94e4f0000 - 0x00007ff94e508000 	C:\WINDOWS\SYSTEM32\kernel.appcore.dll
0x00007ff943200000 - 0x00007ff94320a000 	C:\Program Files\Java\jdk-19\bin\jimage.dll
0x00007ff94c230000 - 0x00007ff94c462000 	C:\WINDOWS\SYSTEM32\DBGHELP.DLL
0x00007ff951710000 - 0x00007ff951aa0000 	C:\WINDOWS\System32\combase.dll
0x00007ff951ca0000 - 0x00007ff951d77000 	C:\WINDOWS\System32\OLEAUT32.dll
0x00007ff94c1f0000 - 0x00007ff94c222000 	C:\WINDOWS\SYSTEM32\dbgcore.DLL
0x00007ff94fb60000 - 0x00007ff94fbdb000 	C:\WINDOWS\System32\bcryptPrimitives.dll
0x00007ff9423a0000 - 0x00007ff9423c6000 	C:\Program Files\Java\jdk-19\bin\java.dll
0x00007ff934f40000 - 0x00007ff935017000 	C:\Program Files\Java\jdk-19\bin\jsvml.dll
0x00007ff94ff70000 - 0x00007ff9507e8000 	C:\WINDOWS\System32\SHELL32.dll
0x00007ff94d3e0000 - 0x00007ff94dcf0000 	C:\WINDOWS\SYSTEM32\windows.storage.dll
0x00007ff94d2a0000 - 0x00007ff94d3df000 	C:\WINDOWS\SYSTEM32\wintypes.dll
0x00007ff951310000 - 0x00007ff95141a000 	C:\WINDOWS\System32\SHCORE.dll
0x00007ff950880000 - 0x00007ff9508de000 	C:\WINDOWS\System32\shlwapi.dll
0x00007ff94f410000 - 0x00007ff94f43b000 	C:\WINDOWS\SYSTEM32\profapi.dll
0x00007ff942340000 - 0x00007ff942353000 	C:\Program Files\Java\jdk-19\bin\net.dll
0x00007ff94aa00000 - 0x00007ff94ab2c000 	C:\WINDOWS\SYSTEM32\WINHTTP.dll
0x00007ff94e9d0000 - 0x00007ff94ea39000 	C:\WINDOWS\system32\mswsock.dll
0x00007ff93cc30000 - 0x00007ff93cc46000 	C:\Program Files\Java\jdk-19\bin\nio.dll
0x00007ff93c970000 - 0x00007ff93c988000 	C:\Program Files\Java\jdk-19\bin\zip.dll
0x00007ff8f2bb0000 - 0x00007ff8f2d41000 	C:\Program Files\Java\jdk-19\bin\awt.dll
0x00007ff948d40000 - 0x00007ff948dd7000 	C:\WINDOWS\SYSTEM32\apphelp.dll
0x00007ff94c9c0000 - 0x00007ff94ca71000 	C:\WINDOWS\system32\uxtheme.dll
0x00007ff951d80000 - 0x00007ff951edf000 	C:\WINDOWS\System32\MSCTF.dll
0x00007ff9514e0000 - 0x00007ff951681000 	C:\WINDOWS\System32\ole32.dll
0x00007ff94cc00000 - 0x00007ff94cc2b000 	C:\WINDOWS\system32\DWMAPI.DLL
0x00007ff8ef4b0000 - 0x00007ff8ef5b0000 	C:\WINDOWS\system32\opengl32.dll
0x00007ff90b8a0000 - 0x00007ff90b8cd000 	C:\WINDOWS\SYSTEM32\GLU32.dll
0x00007ff94cab0000 - 0x00007ff94cae7000 	C:\WINDOWS\SYSTEM32\dxcore.dll
0x00007ff939960000 - 0x00007ff939b08000 	C:\WINDOWS\system32\d3d9.dll
0x00007ff944270000 - 0x00007ff94442b000 	C:\Windows\System32\DriverStore\FileRepository\u0387125.inf_amd64_f00446539034a738\B385152\aticfx64.dll
0x00007ff943230000 - 0x00007ff943264000 	C:\Windows\System32\DriverStore\FileRepository\u0387125.inf_amd64_f00446539034a738\B385152\atiu9p64.dll
0x00007ff8ef5b0000 - 0x00007ff8f0305000 	C:\Windows\System32\DriverStore\FileRepository\u0387125.inf_amd64_f00446539034a738\B385152\atiumd64.dll
0x0000000059240000 - 0x000000005a167000 	C:\WINDOWS\System32\DriverStore\FileRepository\u0387125.inf_amd64_f00446539034a738\B385152\atiumd6a.dll
0x00007ff950d00000 - 0x00007ff951174000 	C:\WINDOWS\System32\SETUPAPI.dll
0x00007ff94ed40000 - 0x00007ff94ed8d000 	C:\WINDOWS\SYSTEM32\POWRPROF.dll
0x00007ff94ed20000 - 0x00007ff94ed33000 	C:\WINDOWS\SYSTEM32\UMPDC.dll
0x00007ff944040000 - 0x00007ff944075000 	C:\WINDOWS\SYSTEM32\amdihk64.dll
0x00007ff946c70000 - 0x00007ff946cb9000 	C:\WINDOWS\SYSTEM32\directxdatabasehelper.dll
0x00007ff939e90000 - 0x00007ff939f16000 	C:\Program Files\Java\jdk-19\bin\freetype.dll
0x00007ff933fc0000 - 0x00007ff934086000 	C:\Program Files\Java\jdk-19\bin\fontmanager.dll
0x00007ff951430000 - 0x00007ff9514e0000 	C:\WINDOWS\System32\clbcatq.dll
0x00007ff94c810000 - 0x00007ff94c9c0000 	C:\WINDOWS\SYSTEM32\WindowsCodecs.dll
0x00007ff933e90000 - 0x00007ff933eee000 	C:\WINDOWS\system32\dataexchange.dll
0x00007ff944ae0000 - 0x00007ff944d85000 	C:\WINDOWS\system32\twinapi.appcore.dll
0x00007ff935f10000 - 0x00007ff936056000 	C:\WINDOWS\SYSTEM32\textinputframework.dll
0x00007ff9488f0000 - 0x00007ff948a23000 	C:\WINDOWS\SYSTEM32\CoreMessaging.dll
0x00007ff9463e0000 - 0x00007ff94674c000 	C:\WINDOWS\SYSTEM32\CoreUIComponents.dll
0x00007ff94ec60000 - 0x00007ff94ec6c000 	C:\WINDOWS\SYSTEM32\CRYPTBASE.DLL
0x00007ff942bf0000 - 0x00007ff942c00000 	C:\Program Files\Java\jdk-19\bin\verify.dll
0x00007ff94dfc0000 - 0x00007ff94e0c2000 	C:\WINDOWS\SYSTEM32\DNSAPI.dll
0x00007ff94df90000 - 0x00007ff94dfbd000 	C:\WINDOWS\SYSTEM32\IPHLPAPI.DLL
0x00007ff951420000 - 0x00007ff951429000 	C:\WINDOWS\System32\NSI.dll
0x00007ff949720000 - 0x00007ff94972a000 	C:\Windows\System32\rasadhlp.dll
0x00007ff949750000 - 0x00007ff9497d3000 	C:\WINDOWS\System32\fwpuclnt.dll
0x00007ff942330000 - 0x00007ff942338000 	C:\Program Files\Java\jdk-19\bin\extnet.dll

dbghelp: loaded successfully - version: 4.0.5 - missing functions: none
symbol engine: initialized successfully - sym options: 0x614 - pdb path: .;C:\Program Files\Java\jdk-19\bin;C:\WINDOWS\SYSTEM32;C:\WINDOWS\WinSxS\amd64_microsoft.windows.common-controls_6595b64144ccf1df_6.0.22621.4830_none_270fe7d773858e80;C:\Program Files\Java\jdk-19\bin\server;C:\Windows\System32\DriverStore\FileRepository\u0387125.inf_amd64_f00446539034a738\B385152

VM Arguments:
jvm_args: -Dfile.encoding=UTF-8 
java_command: User.login
java_class_path (initial): C:\Capstone\ValeIssuance\lib\beansbinding-1.2.1.jar;C:\Capstone\ValeIssuance\lib\DateChooser.jar;C:\Capstone\ValeIssuance\lib\hsqldb-2.3.1.jar;C:\Capstone\ValeIssuance\lib\itext-2.1.7.jar;C:\Capstone\ValeIssuance\lib\javax.persistence.jar;C:\Capstone\ValeIssuance\lib\jcalendar-1.4.jar;C:\Capstone\ValeIssuance\lib\jdbc.jar;C:\Capstone\ValeIssuance\lib\joda-time-2.2.jar;C:\Capstone\ValeIssuance\lib\jtds-1.2.5.jar;C:\Capstone\ValeIssuance\lib\junit-4.10.jar;C:\Capstone\ValeIssuance\lib\jxl-2.6.10.jar;C:\Capstone\ValeIssuance\lib\log4j-1.2.15.jar;C:\Capstone\ValeIssuance\lib\lti-civil.jar;C:\Capstone\ValeIssuance\lib\mysql-connector-java-5.1.17-bin.jar;C:\Capstone\ValeIssuance\lib\TimePicker_1.jar;C:\Capstone\ValeIssuance\lib\rt.jar;C:\Capstone\ValeIssuance\lib\swingx-core-1.6.2.jar;C:\Capstone\ValeIssuance\lib\ucanaccess-2.0.9.3.jar;C:\Capstone\ValeIssuance\lib\jackcess-2.1.6.jar;C:\Capstone\ValeIssuance\lib\commons-logging-1.2.jar;C:\Capstone\ValeIssuance\lib\jasperreports-6.20.5.jar;C:\Capstone\ValeIssuance\lib\spring-core-6.0.11.jar;C:\Capstone\ValeIssuance\lib\absolutelayout\AbsoluteLayout.jar;C:\Capstone\ValeIssuance\lib;C:\Capstone\ValeIssuance\lib\commons-digester-2.1.jar;C:\Capstone\ValeIssuance\build\classes
Launcher Type: SUN_STANDARD

[Global flags]
     intx CICompilerCount                          = 12                                        {product} {ergonomic}
     uint ConcGCThreads                            = 3                                         {product} {ergonomic}
     uint G1ConcRefinementThreads                  = 13                                        {product} {ergonomic}
   size_t G1HeapRegionSize                         = 4194304                                   {product} {ergonomic}
    uintx GCDrainStackTargetSize                   = 64                                        {product} {ergonomic}
   size_t InitialHeapSize                          = 528482304                                 {product} {ergonomic}
   size_t MarkStackSize                            = 4194304                                   {product} {ergonomic}
   size_t MaxHeapSize                              = 8434745344                                {product} {ergonomic}
   size_t MaxNewSize                               = 5058330624                                {product} {ergonomic}
   size_t MinHeapDeltaBytes                        = 4194304                                   {product} {ergonomic}
   size_t MinHeapSize                              = 8388608                                   {product} {ergonomic}
    uintx NonNMethodCodeHeapSize                   = 7602480                                {pd product} {ergonomic}
    uintx NonProfiledCodeHeapSize                  = 122027880                              {pd product} {ergonomic}
    uintx ProfiledCodeHeapSize                     = 122027880                              {pd product} {ergonomic}
    uintx ReservedCodeCacheSize                    = 251658240                              {pd product} {ergonomic}
     bool SegmentedCodeCache                       = true                                      {product} {ergonomic}
   size_t SoftMaxHeapSize                          = 8434745344                             {manageable} {ergonomic}
     bool UseCompressedClassPointers               = true                           {product lp64_product} {ergonomic}
     bool UseCompressedOops                        = true                           {product lp64_product} {ergonomic}
     bool UseG1GC                                  = true                                      {product} {ergonomic}
     bool UseLargePagesIndividualAllocation        = false                                  {pd product} {ergonomic}

Logging:
Log output configuration:
 #0: stdout all=warning uptime,level,tags foldmultilines=false
 #1: stderr all=off uptime,level,tags foldmultilines=false

Environment Variables:
JAVA_HOME=C:\Program Files\Java\jdk-19
PATH=C:\Program Files\PlasticSCM5\server;C:\Program Files\PlasticSCM5\client;C:\Program Files\Microsoft MPI\Bin\;c:\Users\heram\AppData\Local\Programs\cursor\resources\app\bin;C:\Program Files\Eclipse Foundation\jdk-8.0.302.8-hotspot\bin;C:\Program Files\Common Files\Oracle\Java\javapath;C:\Windows\system32;C:\Windows;C:\Windows\System32\Wbem;C:\Windows\System32\WindowsPowerShell\v1.0\;C:\Windows\System32\OpenSSH\;C:\Program Files (x86)\NVIDIA Corporation\PhysX\Common;C:\Program Files\NVIDIA Corporation\NVIDIA NvDLISR;C:\WINDOWS\system32;C:\WINDOWS;C:\WINDOWS\System32\Wbem;C:\WINDOWS\System32\WindowsPowerShell\v1.0\;C:\WINDOWS\System32\OpenSSH\;C:\Program Files\Microsoft SQL Server\150\Tools\Binn\;C:\Program Files\Microsoft SQL Server\Client SDK\ODBC\170\Tools\Binn\;C:\Program Files\dotnet\;C:\Program Files (x86)\Windows Kits\10\Windows Performance Toolkit\;C:\Program Files\Microsoft SQL Server\130\Tools\Binn\;C:\Program Files\Git\cmd;C:\Users\heram\AppData\Local\Android\Sdk\platform-tools;C:\Users\heram\AppData\Local\Android\Sdk\tools;C:\Users\heram\AppData\Local\jdk-11.0.2\bin;C:\Users\heram\A;C:\WINDOWS\system32;C:\WINDOWS;C:\WINDOWS\System32\Wbem;C:\WINDOWS\System32\WindowsPowerShell\v1.0\;C:\WINDOWS\System32\OpenSSH\;C:\Program Files (x86)\Microsoft SQL Server\160\Tools\Binn\;C:\Program Files\Microsoft SQL Server\160\Tools\Binn\;C:\Program Files\Microsoft SQL Server\160\DTS\Binn\;C:\Program Files (x86)\Microsoft SQL Server\160\DTS\Binn\;C:\Program Files\nodejs\;C:\Program Files\Java\jdk-23\bin;C:\Program Files\MySQL\MySQL Shell 8.0\bin\
USERNAME=heram
OS=Windows_NT
PROCESSOR_IDENTIFIER=AMD64 Family 25 Model 80 Stepping 0, AuthenticAMD
TMP=C:\Users\heram\AppData\Local\Temp
TEMP=C:\Users\heram\AppData\Local\Temp



---------------  S Y S T E M  ---------------

OS:
 Windows 11 , 64 bit Build 22621 (10.0.22621.4830)
OS uptime: 1 days 15:25 hours
Hyper-V role detected

CPU: total 16 (initial active 16) (16 cores per cpu, 2 threads per core) family 25 model 80 stepping 0 microcode 0x0, cx8, cmov, fxsr, ht, mmx, 3dnowpref, sse, sse2, sse3, ssse3, sse4a, sse4.1, sse4.2, popcnt, lzcnt, tsc, tscinvbit, avx, avx2, aes, erms, clmul, bmi1, bmi2, adx, sha, fma, vzeroupper, clflush, clflushopt, hv, rdtscp, rdpid, fsrm

Memory: 4k page, system-wide physical 32160M (8992M free)
TotalPageFile size 130464M (AvailPageFile size 2M)
current process WorkingSet (physical memory assigned to process): 584M, peak: 584M
current process commit charge ("private bytes"): 1268M, peak: 1269M

vm_info: Java HotSpot(TM) 64-Bit Server VM (19.0.2+7-44) for windows-amd64 JRE (19.0.2+7-44), built on 2022-11-30T18:02:09Z by "mach5one" with MS VC++ 17.1 (VS2022)

END.
